<?xml version="1.0" encoding="UTF-8"?>
<!-- Generated by org.testng.reporters.JUnitReportReporter -->
<testsuite hostname="HK" failures="0" tests="3" name="testCases.TC04_CompletePurshase" time="11.894" errors="0" timestamp="2025-05-18T09:46:28 EDT" skipped="0">
  <testcase classname="testCases.TC04_CompletePurshase" name="findProduct" time="3.994"/>
  <testcase classname="testCases.TC04_CompletePurshase" name="findProduct" time="4.358"/>
  <testcase classname="testCases.TC04_CompletePurshase" name="findProduct" time="3.542"/>
</testsuite> <!-- testCases.TC04_CompletePurshase -->
