<?xml version="1.0" encoding="UTF-8"?>
<!-- Generated by org.testng.reporters.JUnitReportReporter -->
<testsuite hostname="HK" failures="0" tests="3" name="testCases.TC01_LuanchBrowser" time="0.045" errors="0" timestamp="2025-05-18T09:46:28 EDT" skipped="0">
  <testcase classname="testCases.TC01_LuanchBrowser" name="testLaunchApplication" time="0.015"/>
  <testcase classname="testCases.TC01_LuanchBrowser" name="testLaunchApplication" time="0.020"/>
  <testcase classname="testCases.TC01_LuanchBrowser" name="testLaunchApplication" time="0.010"/>
</testsuite> <!-- testCases.TC01_LuanchBrowser -->
