<?xml version="1.0" encoding="UTF-8"?>
<!-- Generated by org.testng.reporters.JUnitReportReporter -->
<testsuite hostname="HK" failures="0" tests="3" name="testCases.TC05_AddToWishList" time="15.944" errors="0" timestamp="2025-05-18T09:46:28 EDT" skipped="0">
  <testcase classname="testCases.TC05_AddToWishList" name="login" time="6.918"/>
  <testcase classname="testCases.TC05_AddToWishList" name="login" time="4.472"/>
  <testcase classname="testCases.TC05_AddToWishList" name="login" time="4.554"/>
</testsuite> <!-- testCases.TC05_AddToWishList -->
