<?xml version="1.0" encoding="UTF-8"?>
<!-- Generated by org.testng.reporters.JUnitReportReporter -->
<testsuite hostname="HK" failures="0" tests="3" name="testCases.TC06_AddAffiliate" time="12.422" errors="0" timestamp="2025-05-18T09:46:28 EDT" skipped="0">
  <testcase classname="testCases.TC06_AddAffiliate" name="login" time="3.887"/>
  <testcase classname="testCases.TC06_AddAffiliate" name="login" time="4.996"/>
  <testcase classname="testCases.TC06_AddAffiliate" name="login" time="3.539"/>
</testsuite> <!-- testCases.TC06_AddAffiliate -->
