<?xml version="1.0" encoding="UTF-8"?>
<!-- Generated by org.testng.reporters.JUnitReportReporter -->
<testsuite hostname="HK" failures="0" tests="3" name="testCases.TC03_AddToCart" time="14.615" errors="0" timestamp="2025-05-18T09:46:28 EDT" skipped="0">
  <testcase classname="testCases.TC03_AddToCart" name="findProduct" time="3.665"/>
  <testcase classname="testCases.TC03_AddToCart" name="findProduct" time="4.288"/>
  <testcase classname="testCases.TC03_AddToCart" name="findProduct" time="6.662"/>
</testsuite> <!-- testCases.TC03_AddToCart -->
