<?xml version="1.0" encoding="UTF-8"?>
<!-- Generated by org.testng.reporters.JUnitReportReporter -->
<testsuite hostname="HK" failures="0" tests="3" name="testCases.TC04_CompletePurshase" time="25.347" errors="0" timestamp="2025-05-20T15:18:28 EDT" skipped="0">
  <testcase classname="testCases.TC04_CompletePurshase" name="findProduct" time="6.267"/>
  <testcase classname="testCases.TC04_CompletePurshase" name="findProduct" time="14.829"/>
  <testcase classname="testCases.TC04_CompletePurshase" name="findProduct" time="4.251"/>
</testsuite> <!-- testCases.TC04_CompletePurshase -->
