<?xml version="1.0" encoding="UTF-8"?>
<!-- Generated by org.testng.reporters.JUnitReportReporter -->
<testsuite hostname="HK" failures="0" tests="3" name="testCases.TC01_LuanchBrowser" time="0.030" errors="0" timestamp="2025-05-20T15:18:28 EDT" skipped="0">
  <testcase classname="testCases.TC01_LuanchBrowser" name="testLaunchApplication" time="0.012"/>
  <testcase classname="testCases.TC01_LuanchBrowser" name="testLaunchApplication" time="0.006"/>
  <testcase classname="testCases.TC01_LuanchBrowser" name="testLaunchApplication" time="0.012"/>
</testsuite> <!-- testCases.TC01_LuanchBrowser -->
