<?xml version="1.0" encoding="UTF-8"?>
<!-- Generated by org.testng.reporters.JUnitReportReporter -->
<testsuite hostname="HK" failures="0" tests="3" name="testCases.TC06_AddAffiliate" time="36.960" errors="0" timestamp="2025-05-20T15:18:28 EDT" skipped="0">
  <testcase classname="testCases.TC06_AddAffiliate" name="login" time="32.745"/>
  <testcase classname="testCases.TC06_AddAffiliate" name="login" time="2.214"/>
  <testcase classname="testCases.TC06_AddAffiliate" name="login" time="2.001"/>
</testsuite> <!-- testCases.TC06_AddAffiliate -->
