<?xml version="1.0" encoding="UTF-8"?>
<!-- Generated by org.testng.reporters.JUnitReportReporter -->
<testsuite hostname="HK" failures="0" tests="15" name="testCases.TC02_Login" time="38.241" errors="0" timestamp="2025-05-20T15:18:28 EDT" skipped="0">
  <testcase classname="testCases.TC02_Login" name="login" time="1.898"/>
  <testcase classname="testCases.TC02_Login" name="login" time="2.815"/>
  <testcase classname="testCases.TC02_Login" name="login" time="2.026"/>
  <testcase classname="testCases.TC02_Login" name="login" time="1.965"/>
  <testcase classname="testCases.TC02_Login" name="login" time="1.771"/>
  <testcase classname="testCases.TC02_Login" name="login" time="2.010"/>
  <testcase classname="testCases.TC02_Login" name="login" time="3.450"/>
  <testcase classname="testCases.TC02_Login" name="login" time="7.114"/>
  <testcase classname="testCases.TC02_Login" name="login" time="3.302"/>
  <testcase classname="testCases.TC02_Login" name="login" time="1.826"/>
  <testcase classname="testCases.TC02_Login" name="login" time="2.107"/>
  <testcase classname="testCases.TC02_Login" name="login" time="2.211"/>
  <testcase classname="testCases.TC02_Login" name="login" time="1.954"/>
  <testcase classname="testCases.TC02_Login" name="login" time="1.812"/>
  <testcase classname="testCases.TC02_Login" name="login" time="1.980"/>
</testsuite> <!-- testCases.TC02_Login -->
