<?xml version="1.0" encoding="UTF-8"?>
<!-- Generated by org.testng.reporters.JUnitReportReporter -->
<testsuite hostname="HK" failures="0" tests="3" name="testCases.TC03_AddToCart" time="13.914" errors="0" timestamp="2025-05-20T15:18:28 EDT" skipped="0">
  <testcase classname="testCases.TC03_AddToCart" name="findProduct" time="3.438"/>
  <testcase classname="testCases.TC03_AddToCart" name="findProduct" time="8.671"/>
  <testcase classname="testCases.TC03_AddToCart" name="findProduct" time="1.805"/>
</testsuite> <!-- testCases.TC03_AddToCart -->
