<?xml version="1.0" encoding="UTF-8"?>
<!-- Generated by org.testng.reporters.JUnitReportReporter -->
<testsuite hostname="HK" failures="0" tests="3" name="testCases.TC05_AddToWishList" time="16.700" errors="0" timestamp="2025-05-20T15:18:28 EDT" skipped="0">
  <testcase classname="testCases.TC05_AddToWishList" name="login" time="9.660"/>
  <testcase classname="testCases.TC05_AddToWishList" name="login" time="3.348"/>
  <testcase classname="testCases.TC05_AddToWishList" name="login" time="3.692"/>
</testsuite> <!-- testCases.TC05_AddToWishList -->
